This is pdfTeX, Version 3.14159265-2.6-1.40.16 (TeX Live 2015/Debian) (preloaded format=pdflatex 2016.2.11)  15 NOV 2016 05:17
entering extended mode
 restricted \write18 enabled.
 %&-line parsing enabled.
**a3-130010058.tex
(./a3-130010058.tex
LaTeX2e <2015/01/01>
Babel <3.9l> and hyphenation patterns for 2 languages loaded.
(/usr/share/texlive/texmf-dist/tex/latex/base/article.cls
Document Class: article 2014/09/29 v1.4h Standard LaTeX document class
(/usr/share/texlive/texmf-dist/tex/latex/base/size11.clo
File: size11.clo 2014/09/29 v1.4h Standard LaTeX file (size option)
)
\c@part=\count79
\c@section=\count80
\c@subsection=\count81
\c@subsubsection=\count82
\c@paragraph=\count83
\c@subparagraph=\count84
\c@figure=\count85
\c@table=\count86
\abovecaptionskip=\skip41
\belowcaptionskip=\skip42
\bibindent=\dimen102
)
(/usr/share/texlive/texmf-dist/tex/latex/preprint/authblk.sty
Package: authblk 2001/02/27 1.3 (PWD)
\affilsep=\skip43
\@affilsep=\skip44
\c@Maxaffil=\count87
\c@authors=\count88
\c@affil=\count89
)
(/usr/share/texlive/texmf-dist/tex/latex/etoolbox/etoolbox.sty
Package: etoolbox 2015/08/02 v2.2a e-TeX tools for LaTeX (JAW)
\etb@tempcnta=\count90
)
(/usr/share/texmf/tex/latex/lm/lmodern.sty
Package: lmodern 2009/10/30 v1.6 Latin Modern Fonts
LaTeX Font Info:    Overwriting symbol font `operators' in version `normal'
(Font)                  OT1/cmr/m/n --> OT1/lmr/m/n on input line 22.
LaTeX Font Info:    Overwriting symbol font `letters' in version `normal'
(Font)                  OML/cmm/m/it --> OML/lmm/m/it on input line 23.
LaTeX Font Info:    Overwriting symbol font `symbols' in version `normal'
(Font)                  OMS/cmsy/m/n --> OMS/lmsy/m/n on input line 24.
LaTeX Font Info:    Overwriting symbol font `largesymbols' in version `normal'
(Font)                  OMX/cmex/m/n --> OMX/lmex/m/n on input line 25.
LaTeX Font Info:    Overwriting symbol font `operators' in version `bold'
(Font)                  OT1/cmr/bx/n --> OT1/lmr/bx/n on input line 26.
LaTeX Font Info:    Overwriting symbol font `letters' in version `bold'
(Font)                  OML/cmm/b/it --> OML/lmm/b/it on input line 27.
LaTeX Font Info:    Overwriting symbol font `symbols' in version `bold'
(Font)                  OMS/cmsy/b/n --> OMS/lmsy/b/n on input line 28.
LaTeX Font Info:    Overwriting symbol font `largesymbols' in version `bold'
(Font)                  OMX/cmex/m/n --> OMX/lmex/m/n on input line 29.
LaTeX Font Info:    Overwriting math alphabet `\mathbf' in version `normal'
(Font)                  OT1/cmr/bx/n --> OT1/lmr/bx/n on input line 31.
LaTeX Font Info:    Overwriting math alphabet `\mathsf' in version `normal'
(Font)                  OT1/cmss/m/n --> OT1/lmss/m/n on input line 32.
LaTeX Font Info:    Overwriting math alphabet `\mathit' in version `normal'
(Font)                  OT1/cmr/m/it --> OT1/lmr/m/it on input line 33.
LaTeX Font Info:    Overwriting math alphabet `\mathtt' in version `normal'
(Font)                  OT1/cmtt/m/n --> OT1/lmtt/m/n on input line 34.
LaTeX Font Info:    Overwriting math alphabet `\mathbf' in version `bold'
(Font)                  OT1/cmr/bx/n --> OT1/lmr/bx/n on input line 35.
LaTeX Font Info:    Overwriting math alphabet `\mathsf' in version `bold'
(Font)                  OT1/cmss/bx/n --> OT1/lmss/bx/n on input line 36.
LaTeX Font Info:    Overwriting math alphabet `\mathit' in version `bold'
(Font)                  OT1/cmr/bx/it --> OT1/lmr/bx/it on input line 37.
LaTeX Font Info:    Overwriting math alphabet `\mathtt' in version `bold'
(Font)                  OT1/cmtt/m/n --> OT1/lmtt/m/n on input line 38.
)
(/usr/share/texlive/texmf-dist/tex/latex/titlesec/titlesec.sty
Package: titlesec 2011/12/15 v2.10.0 Sectioning titles
\ttl@box=\box26
\beforetitleunit=\skip45
\aftertitleunit=\skip46
\ttl@plus=\dimen103
\ttl@minus=\dimen104
\ttl@toksa=\toks14
\titlewidth=\dimen105
\titlewidthlast=\dimen106
\titlewidthfirst=\dimen107
)
(/usr/share/texlive/texmf-dist/tex/latex/float/float.sty
Package: float 2001/11/08 v1.3d Float enhancements (AL)
\c@float@type=\count91
\float@exts=\toks15
\float@box=\box27
\@float@everytoks=\toks16
\@floatcapt=\box28
)
(/usr/share/texlive/texmf-dist/tex/latex/graphics/graphicx.sty
Package: graphicx 2014/10/28 v1.0g Enhanced LaTeX Graphics (DPC,SPQR)

(/usr/share/texlive/texmf-dist/tex/latex/graphics/keyval.sty
Package: keyval 2014/10/28 v1.15 key=value parser (DPC)
\KV@toks@=\toks17
)
(/usr/share/texlive/texmf-dist/tex/latex/graphics/graphics.sty
Package: graphics 2014/10/28 v1.0p Standard LaTeX Graphics (DPC,SPQR)

(/usr/share/texlive/texmf-dist/tex/latex/graphics/trig.sty
Package: trig 1999/03/16 v1.09 sin cos tan (DPC)
)
(/usr/share/texlive/texmf-dist/tex/latex/latexconfig/graphics.cfg
File: graphics.cfg 2010/04/23 v1.9 graphics configuration of TeX Live
)
Package graphics Info: Driver file: pdftex.def on input line 94.

(/usr/share/texlive/texmf-dist/tex/latex/pdftex-def/pdftex.def
File: pdftex.def 2011/05/27 v0.06d Graphics/color for pdfTeX

(/usr/share/texlive/texmf-dist/tex/generic/oberdiek/infwarerr.sty
Package: infwarerr 2010/04/08 v1.3 Providing info/warning/error messages (HO)
)
(/usr/share/texlive/texmf-dist/tex/generic/oberdiek/ltxcmds.sty
Package: ltxcmds 2011/11/09 v1.22 LaTeX kernel commands for general use (HO)
)
\Gread@gobject=\count92
))
\Gin@req@height=\dimen108
\Gin@req@width=\dimen109
)
(./a3-130010058.aux)
\openout1 = `a3-130010058.aux'.

LaTeX Font Info:    Checking defaults for OML/cmm/m/it on input line 21.
LaTeX Font Info:    ... okay on input line 21.
LaTeX Font Info:    Checking defaults for T1/cmr/m/n on input line 21.
LaTeX Font Info:    ... okay on input line 21.
LaTeX Font Info:    Checking defaults for OT1/cmr/m/n on input line 21.
LaTeX Font Info:    ... okay on input line 21.
LaTeX Font Info:    Checking defaults for OMS/cmsy/m/n on input line 21.
LaTeX Font Info:    ... okay on input line 21.
LaTeX Font Info:    Checking defaults for OMX/cmex/m/n on input line 21.
LaTeX Font Info:    ... okay on input line 21.
LaTeX Font Info:    Checking defaults for U/cmr/m/n on input line 21.
LaTeX Font Info:    ... okay on input line 21.
LaTeX Font Info:    Try loading font information for OT1+lmr on input line 21.
 (/usr/share/texmf/tex/latex/lm/ot1lmr.fd
File: ot1lmr.fd 2009/10/30 v1.6 Font defs for Latin Modern
)
(/usr/share/texlive/texmf-dist/tex/context/base/supp-pdf.mkii
[Loading MPS to PDF converter (version 2006.09.02).]
\scratchcounter=\count93
\scratchdimen=\dimen110
\scratchbox=\box29
\nofMPsegments=\count94
\nofMParguments=\count95
\everyMPshowfont=\toks18
\MPscratchCnt=\count96
\MPscratchDim=\dimen111
\MPnumerator=\count97
\makeMPintoPDFobject=\count98
\everyMPtoPDFconversion=\toks19
) (/usr/share/texlive/texmf-dist/tex/generic/oberdiek/pdftexcmds.sty
Package: pdftexcmds 2011/11/29 v0.20 Utility functions of pdfTeX for LuaTeX (HO
)

(/usr/share/texlive/texmf-dist/tex/generic/oberdiek/ifluatex.sty
Package: ifluatex 2010/03/01 v1.3 Provides the ifluatex switch (HO)
Package ifluatex Info: LuaTeX not detected.
)
(/usr/share/texlive/texmf-dist/tex/generic/oberdiek/ifpdf.sty
Package: ifpdf 2011/01/30 v2.3 Provides the ifpdf switch (HO)
Package ifpdf Info: pdfTeX in PDF mode is detected.
)
Package pdftexcmds Info: LuaTeX not detected.
Package pdftexcmds Info: \pdf@primitive is available.
Package pdftexcmds Info: \pdf@ifprimitive is available.
Package pdftexcmds Info: \pdfdraftmode found.
)
(/usr/share/texlive/texmf-dist/tex/latex/oberdiek/epstopdf-base.sty
Package: epstopdf-base 2010/02/09 v2.5 Base part for package epstopdf

(/usr/share/texlive/texmf-dist/tex/latex/oberdiek/grfext.sty
Package: grfext 2010/08/19 v1.1 Manage graphics extensions (HO)

(/usr/share/texlive/texmf-dist/tex/generic/oberdiek/kvdefinekeys.sty
Package: kvdefinekeys 2011/04/07 v1.3 Define keys (HO)
))
(/usr/share/texlive/texmf-dist/tex/latex/oberdiek/kvoptions.sty
Package: kvoptions 2011/06/30 v3.11 Key value format for package options (HO)

(/usr/share/texlive/texmf-dist/tex/generic/oberdiek/kvsetkeys.sty
Package: kvsetkeys 2012/04/25 v1.16 Key value parser (HO)

(/usr/share/texlive/texmf-dist/tex/generic/oberdiek/etexcmds.sty
Package: etexcmds 2011/02/16 v1.5 Avoid name clashes with e-TeX commands (HO)
Package etexcmds Info: Could not find \expanded.
(etexcmds)             That can mean that you are not using pdfTeX 1.50 or
(etexcmds)             that some package has redefined \expanded.
(etexcmds)             In the latter case, load this package earlier.
)))
Package grfext Info: Graphics extension search list:
(grfext)             [.png,.pdf,.jpg,.mps,.jpeg,.jbig2,.jb2,.PNG,.PDF,.JPG,.JPE
G,.JBIG2,.JB2,.eps]
(grfext)             \AppendGraphicsExtensions on input line 452.

(/usr/share/texlive/texmf-dist/tex/latex/latexconfig/epstopdf-sys.cfg
File: epstopdf-sys.cfg 2010/07/13 v1.3 Configuration of (r)epstopdf for TeX Liv
e
))
[1

{/var/lib/texmf/fonts/map/pdftex/updmap/pdftex.map}]
<q1_path_boris.png, id=10, 578.16pt x 433.62pt>
File: q1_path_boris.png Graphic file (type png)
 <use q1_path_boris.png>
Package pdftex.def Info: q1_path_boris.png used on input line 30.
(pdftex.def)             Requested size: 360.0pt x 269.99951pt.

<q1_path_euler.png, id=12, 578.16pt x 433.62pt>
File: q1_path_euler.png Graphic file (type png)
 <use q1_path_euler.png>
Package pdftex.def Info: q1_path_euler.png used on input line 34.
(pdftex.def)             Requested size: 360.0pt x 269.99951pt.

<q1_path_euler2.png, id=13, 578.16pt x 433.62pt>
File: q1_path_euler2.png Graphic file (type png)
 <use q1_path_euler2.png>
Package pdftex.def Info: q1_path_euler2.png used on input line 38.
(pdftex.def)             Requested size: 360.0pt x 269.99951pt.

[2 <./q1_path_boris.png>] <q1_path_RK2.png, id=18, 578.16pt x 433.62pt>
File: q1_path_RK2.png Graphic file (type png)

<use q1_path_RK2.png>
Package pdftex.def Info: q1_path_RK2.png used on input line 42.
(pdftex.def)             Requested size: 360.0pt x 269.99951pt.
 [3 <./q1_path_euler.png> <./q1_path_euler2.png>]
<q1_energy_boris.png, id=24, 578.16pt x 433.62pt>
File: q1_energy_boris.png Graphic file (type png)
 <use q1_energy_boris.png>
Package pdftex.def Info: q1_energy_boris.png used on input line 48.
(pdftex.def)             Requested size: 360.0pt x 269.99951pt.

<q1_energy_euler.png, id=25, 578.16pt x 433.62pt>
File: q1_energy_euler.png Graphic file (type png)
 <use q1_energy_euler.png>
Package pdftex.def Info: q1_energy_euler.png used on input line 52.
(pdftex.def)             Requested size: 360.0pt x 269.99951pt.

<q1_energy_euler2.png, id=26, 578.16pt x 433.62pt>
File: q1_energy_euler2.png Graphic file (type png)
 <use q1_energy_euler2.png>
Package pdftex.def Info: q1_energy_euler2.png used on input line 56.
(pdftex.def)             Requested size: 360.0pt x 269.99951pt.

[4 <./q1_path_RK2.png> <./q1_energy_boris.png>]
<q1_energy_RK2.png, id=32, 578.16pt x 433.62pt>
File: q1_energy_RK2.png Graphic file (type png)
 <use q1_energy_RK2.png>
Package pdftex.def Info: q1_energy_RK2.png used on input line 60.
(pdftex.def)             Requested size: 360.0pt x 269.99951pt.

[5 <./q1_energy_euler.png> <./q1_energy_euler2.png>]
<q1_dissipation_boris.png, id=38, 578.16pt x 433.62pt>
File: q1_dissipation_boris.png Graphic file (type png)

<use q1_dissipation_boris.png>
Package pdftex.def Info: q1_dissipation_boris.png used on input line 66.
(pdftex.def)             Requested size: 360.0pt x 269.99951pt.

<q1_dissipation_euler.png, id=39, 578.16pt x 433.62pt>
File: q1_dissipation_euler.png Graphic file (type png)

<use q1_dissipation_euler.png>
Package pdftex.def Info: q1_dissipation_euler.png used on input line 70.
(pdftex.def)             Requested size: 360.0pt x 269.99951pt.

<q1_dissipation_euler2.png, id=40, 578.16pt x 433.62pt>
File: q1_dissipation_euler2.png Graphic file (type png)

<use q1_dissipation_euler2.png>
Package pdftex.def Info: q1_dissipation_euler2.png used on input line 74.
(pdftex.def)             Requested size: 360.0pt x 269.99951pt.
 [6 <./q1_energy_RK2.png> <./q1_dissipation_boris.png>] <q1_dissipation_RK2.png
, id=46, 578.16pt x 433.62pt>
File: q1_dissipation_RK2.png Graphic file (type png)

<use q1_dissipation_RK2.png>
Package pdftex.def Info: q1_dissipation_RK2.png used on input line 78.
(pdftex.def)             Requested size: 360.0pt x 269.99951pt.
 [7 <./q1_dissipation_euler.png> <./q1_dissipation_euler2.png>]
Overfull \hbox (17.09431pt too wide) in paragraph at lines 81--81
 |[]\OT1/lmr/bx/n/12 Error in Par-ti-cle Po-si-tion with time us-ing Dif-fer-en
t Schemes| 
 []

<q1_error_boris.png, id=53, 578.16pt x 433.62pt>
File: q1_error_boris.png Graphic file (type png)
 <use q1_error_boris.png>
Package pdftex.def Info: q1_error_boris.png used on input line 84.
(pdftex.def)             Requested size: 360.0pt x 269.99951pt.

<q1_error_euler.png, id=54, 578.16pt x 433.62pt>
File: q1_error_euler.png Graphic file (type png)
 <use q1_error_euler.png>
Package pdftex.def Info: q1_error_euler.png used on input line 88.
(pdftex.def)             Requested size: 360.0pt x 269.99951pt.

<q1_error_euler2.png, id=55, 578.16pt x 433.62pt>
File: q1_error_euler2.png Graphic file (type png)
 <use q1_error_euler2.png>
Package pdftex.def Info: q1_error_euler2.png used on input line 92.
(pdftex.def)             Requested size: 360.0pt x 269.99951pt.

[8 <./q1_dissipation_RK2.png> <./q1_error_boris.png>]
<q1_error_RK2.png, id=61, 578.16pt x 433.62pt>
File: q1_error_RK2.png Graphic file (type png)
 <use q1_error_RK2.png>
Package pdftex.def Info: q1_error_RK2.png used on input line 96.
(pdftex.def)             Requested size: 360.0pt x 269.99951pt.
 [9 <./q1_error_euler.png> <./q1_error_euler2.png>]
<q2_Error.png, id=67, 578.16pt x 433.62pt>
File: q2_Error.png Graphic file (type png)
 <use q2_Error.png>
Package pdftex.def Info: q2_Error.png used on input line 103.
(pdftex.def)             Requested size: 360.0pt x 269.99951pt.
 [10 <./q1_error_RK2.png>] <q3_boris.png, id=72, 578.16pt x 433.62pt>
File: q3_boris.png Graphic file (type png)
 <use q3_boris.png>
Package pdftex.def Info: q3_boris.png used on input line 113.
(pdftex.def)             Requested size: 360.0pt x 269.99951pt.

<q3_euler.png, id=73, 578.16pt x 433.62pt>
File: q3_euler.png Graphic file (type png)
 <use q3_euler.png>
Package pdftex.def Info: q3_euler.png used on input line 117.
(pdftex.def)             Requested size: 360.0pt x 269.99951pt.
 [11 <./q2_Error.png>] <q3_euler2.png, id=78, 578.16pt x 433.62pt>
File: q3_euler2.png Graphic file (type png)
 <use q3_euler2.png>
Package pdftex.def Info: q3_euler2.png used on input line 121.
(pdftex.def)             Requested size: 360.0pt x 269.99951pt.

<q3_RK2.png, id=79, 578.16pt x 433.62pt>
File: q3_RK2.png Graphic file (type png)
 <use q3_RK2.png>
Package pdftex.def Info: q3_RK2.png used on input line 125.
(pdftex.def)             Requested size: 360.0pt x 269.99951pt.
 [12 <./q3_boris.png> <./q3_euler.png>]
Overfull \hbox (17.09431pt too wide) in paragraph at lines 128--128
 |[]\OT1/lmr/bx/n/12 Error in Par-ti-cle Po-si-tion with time us-ing Dif-fer-en
t Schemes| 
 []

<q3_error_boris.png, id=85, 578.16pt x 433.62pt>
File: q3_error_boris.png Graphic file (type png)
 <use q3_error_boris.png>
Package pdftex.def Info: q3_error_boris.png used on input line 131.
(pdftex.def)             Requested size: 360.0pt x 269.99951pt.

<q3_error_euler.png, id=86, 578.16pt x 433.62pt>
File: q3_error_euler.png Graphic file (type png)
 <use q3_error_euler.png>
Package pdftex.def Info: q3_error_euler.png used on input line 135.
(pdftex.def)             Requested size: 360.0pt x 269.99951pt.

[13 <./q3_euler2.png> <./q3_RK2.png>]
<q3_error_euler2.png, id=93, 578.16pt x 433.62pt>
File: q3_error_euler2.png Graphic file (type png)
 <use q3_error_euler2.png>
Package pdftex.def Info: q3_error_euler2.png used on input line 139.
(pdftex.def)             Requested size: 360.0pt x 269.99951pt.

<q3_error_RK2.png, id=94, 578.16pt x 433.62pt>
File: q3_error_RK2.png Graphic file (type png)
 <use q3_error_RK2.png>
Package pdftex.def Info: q3_error_RK2.png used on input line 143.
(pdftex.def)             Requested size: 360.0pt x 269.99951pt.
 [14 <./q3_error_boris.png> <./q3_error_euler.png>] [15 <./q3_error_euler2.png>
 <./q3_error_RK2.png>] <q4_boris.png, id=105, 578.16pt x 433.62pt>
File: q4_boris.png Graphic file (type png)
 <use q4_boris.png>
Package pdftex.def Info: q4_boris.png used on input line 151.
(pdftex.def)             Requested size: 360.0pt x 269.99951pt.

<q4_euler.png, id=106, 578.16pt x 433.62pt>
File: q4_euler.png Graphic file (type png)
 <use q4_euler.png>
Package pdftex.def Info: q4_euler.png used on input line 155.
(pdftex.def)             Requested size: 360.0pt x 269.99951pt.

<q4_euler2.png, id=107, 578.16pt x 433.62pt>
File: q4_euler2.png Graphic file (type png)
 <use q4_euler2.png>
Package pdftex.def Info: q4_euler2.png used on input line 159.
(pdftex.def)             Requested size: 360.0pt x 269.99951pt.
 [16 <./q4_boris.png>] <q4_RK2.png, id=112, 578.16pt x 433.62pt>
File: q4_RK2.png Graphic file (type png)
 <use q4_RK2.png>
Package pdftex.def Info: q4_RK2.png used on input line 163.
(pdftex.def)             Requested size: 360.0pt x 269.99951pt.
 [17 <./q4_euler.png> <./q4_euler2.png>]
Overfull \hbox (17.09431pt too wide) in paragraph at lines 166--166
 |[]\OT1/lmr/bx/n/12 Error in Par-ti-cle Po-si-tion with time us-ing Dif-fer-en
t Schemes| 
 []

<q4_error_boris.png, id=118, 578.16pt x 433.62pt>
File: q4_error_boris.png Graphic file (type png)
 <use q4_error_boris.png>
Package pdftex.def Info: q4_error_boris.png used on input line 169.
(pdftex.def)             Requested size: 360.0pt x 269.99951pt.

<q4_error_Euler.png, id=119, 578.16pt x 433.62pt>
File: q4_error_Euler.png Graphic file (type png)
 <use q4_error_Euler.png>
Package pdftex.def Info: q4_error_Euler.png used on input line 173.
(pdftex.def)             Requested size: 360.0pt x 269.99951pt.

<q4_error_euler2.png, id=120, 578.16pt x 433.62pt>
File: q4_error_euler2.png Graphic file (type png)
 <use q4_error_euler2.png>
Package pdftex.def Info: q4_error_euler2.png used on input line 177.
(pdftex.def)             Requested size: 360.0pt x 269.99951pt.

[18 <./q4_RK2.png> <./q4_error_boris.png>]
<q4_error_RK2.png, id=126, 578.16pt x 433.62pt>
File: q4_error_RK2.png Graphic file (type png)
 <use q4_error_RK2.png>
Package pdftex.def Info: q4_error_RK2.png used on input line 181.
(pdftex.def)             Requested size: 360.0pt x 269.99951pt.
 [19 <./q4_error_Euler.png> <./q4_error_euler2.png>] [20 <./q4_error_RK2.png>]
(./a3-130010058.aux) ) 
Here is how much of TeX's memory you used:
 2379 strings out of 495000
 33928 string characters out of 6181169
 87326 words of memory out of 5000000
 5575 multiletter control sequences out of 15000+600000
 27543 words of font info for 23 fonts, out of 8000000 for 9000
 14 hyphenation exceptions out of 8191
 37i,6n,27p,797b,230s stack positions out of 5000i,500n,10000p,200000b,80000s
{/usr/share/texmf/fonts/enc/dvips/lm/lm-rm.enc}</usr/shar
e/texmf/fonts/type1/public/lm/lmbx12.pfb></usr/share/texmf/fonts/type1/public/l
m/lmr10.pfb></usr/share/texmf/fonts/type1/public/lm/lmr12.pfb></usr/share/texmf
/fonts/type1/public/lm/lmr17.pfb>
Output written on a3-130010058.pdf (20 pages, 1571559 bytes).
PDF statistics:
 153 PDF objects out of 1000 (max. 8388607)
 60 compressed objects within 1 object stream
 0 named destinations out of 1000 (max. 500000)
 166 words of extra memory for PDF output out of 10000 (max. 10000000)

